04-11 07:29:03 com_github_MitjaNemec_PlaceFootprints.action_place_footprints 674:Plugin executed on: 'win32'
04-11 07:29:03 com_github_MitjaNemec_PlaceFootprints.action_place_footprints 675:Plugin executed with python version: '3.11.5 (main, Nov  6 2025, 07:48:09) [MSC v.1944 64 bit (AMD64)]'
04-11 07:29:03 com_github_MitjaNemec_PlaceFootprints.action_place_footprints 676:KiCad build version: 9.0.7
04-11 07:29:03 com_github_MitjaNemec_PlaceFootprints.action_place_footprints 677:Plugin version: 4.0.1
04-11 07:29:03 com_github_MitjaNemec_PlaceFootprints.action_place_footprints 678:Frame repr: <wx._core.Frame object at 0x000002EB92C4C430>
04-11 07:29:03 com_github_MitjaNemec_PlaceFootprints.place_footprints 121:getting a list of all footprints on board
04-11 07:29:03 com_github_MitjaNemec_PlaceFootprints.place_footprints 156:Footprint R1 on root level
04-11 07:29:03 com_github_MitjaNemec_PlaceFootprints.place_footprints 156:Footprint R12 on root level
04-11 07:29:03 com_github_MitjaNemec_PlaceFootprints.place_footprints 156:Footprint D1 on root level
04-11 07:29:03 com_github_MitjaNemec_PlaceFootprints.place_footprints 156:Footprint R13 on root level
04-11 07:29:03 com_github_MitjaNemec_PlaceFootprints.place_footprints 156:Footprint D2 on root level
04-11 07:29:03 com_github_MitjaNemec_PlaceFootprints.place_footprints 156:Footprint R14 on root level
04-11 07:29:03 com_github_MitjaNemec_PlaceFootprints.place_footprints 156:Footprint D3 on root level
04-11 07:29:03 com_github_MitjaNemec_PlaceFootprints.place_footprints 156:Footprint R15 on root level
04-11 07:29:03 com_github_MitjaNemec_PlaceFootprints.place_footprints 156:Footprint D4 on root level
04-11 07:29:03 com_github_MitjaNemec_PlaceFootprints.place_footprints 156:Footprint R16 on root level
04-11 07:29:03 com_github_MitjaNemec_PlaceFootprints.place_footprints 156:Footprint D5 on root level
04-11 07:29:03 com_github_MitjaNemec_PlaceFootprints.place_footprints 156:Footprint R7 on root level
04-11 07:29:03 com_github_MitjaNemec_PlaceFootprints.place_footprints 156:Footprint R5 on root level
04-11 07:29:03 com_github_MitjaNemec_PlaceFootprints.place_footprints 156:Footprint R8 on root level
04-11 07:29:03 com_github_MitjaNemec_PlaceFootprints.place_footprints 156:Footprint R2 on root level
04-11 07:29:03 com_github_MitjaNemec_PlaceFootprints.place_footprints 156:Footprint R4 on root level
04-11 07:29:03 com_github_MitjaNemec_PlaceFootprints.place_footprints 156:Footprint R6 on root level
04-11 07:29:03 com_github_MitjaNemec_PlaceFootprints.place_footprints 156:Footprint R9 on root level
04-11 07:29:03 com_github_MitjaNemec_PlaceFootprints.place_footprints 156:Footprint R11 on root level
04-11 07:29:03 com_github_MitjaNemec_PlaceFootprints.place_footprints 156:Footprint R10 on root level
04-11 07:29:03 com_github_MitjaNemec_PlaceFootprints.place_footprints 156:Footprint R3 on root level
04-11 07:29:03 com_github_MitjaNemec_PlaceFootprints.place_footprints 156:Footprint J1 on root level
04-11 07:29:03 com_github_MitjaNemec_PlaceFootprints.place_footprints 156:Footprint RV1 on root level
04-11 07:29:03 com_github_MitjaNemec_PlaceFootprints.place_footprints 156:Footprint R22 on root level
04-11 07:29:03 com_github_MitjaNemec_PlaceFootprints.place_footprints 156:Footprint U1 on root level
04-11 07:29:03 com_github_MitjaNemec_PlaceFootprints.place_footprints 156:Footprint U2 on root level
04-11 07:29:03 com_github_MitjaNemec_PlaceFootprints.place_footprints 156:Footprint U3 on root level
04-11 07:29:03 com_github_MitjaNemec_PlaceFootprints.place_footprints 156:Footprint R17 on root level
04-11 07:29:03 com_github_MitjaNemec_PlaceFootprints.place_footprints 156:Footprint D6 on root level
04-11 07:29:03 com_github_MitjaNemec_PlaceFootprints.place_footprints 156:Footprint R18 on root level
04-11 07:29:03 com_github_MitjaNemec_PlaceFootprints.place_footprints 156:Footprint D7 on root level
04-11 07:29:03 com_github_MitjaNemec_PlaceFootprints.place_footprints 156:Footprint R19 on root level
04-11 07:29:03 com_github_MitjaNemec_PlaceFootprints.place_footprints 156:Footprint D8 on root level
04-11 07:29:03 com_github_MitjaNemec_PlaceFootprints.place_footprints 156:Footprint R20 on root level
04-11 07:29:03 com_github_MitjaNemec_PlaceFootprints.place_footprints 156:Footprint D9 on root level
04-11 07:29:03 com_github_MitjaNemec_PlaceFootprints.place_footprints 156:Footprint R21 on root level
04-11 07:29:03 com_github_MitjaNemec_PlaceFootprints.place_footprints 156:Footprint D10 on root level
04-11 07:29:03 com_github_MitjaNemec_PlaceFootprints.action_place_footprints 717:Reference footprint='R11'
04-11 07:29:04 com_github_MitjaNemec_PlaceFootprints.action_place_footprints 858:Reference designator is: R
04-11 07:29:04 com_github_MitjaNemec_PlaceFootprints.action_place_footprints 859:Reference number is: 11
04-11 07:29:04 com_github_MitjaNemec_PlaceFootprints.action_place_footprints 891:Sorted and filtered list:
['R1', 'R2', 'R3', 'R4', 'R5', 'R6', 'R7', 'R8', 'R9', 'R10', 'R11', 'R12', 'R13', 'R14', 'R15', 'R16', 'R17', 'R18', 'R19', 'R20', 'R21', 'R22']
04-11 07:29:05 com_github_MitjaNemec_PlaceFootprints.action_place_footprints 376:wx.Colour(240, 240, 240, 255)
04-11 07:29:12 com_github_MitjaNemec_PlaceFootprints.action_place_footprints 507:'0'
04-11 07:29:12 com_github_MitjaNemec_PlaceFootprints.action_place_footprints 553:Preparing config for reference linear
04-11 07:29:12 com_github_MitjaNemec_PlaceFootprints.action_place_footprints 573:Saving config file
04-11 07:29:12 com_github_MitjaNemec_PlaceFootprints.action_place_footprints 575:Saved the config file
04-11 07:29:12 com_github_MitjaNemec_PlaceFootprints.action_place_footprints 929:Footprints to place:
['R1', 'R2', 'R3', 'R4', 'R5', 'R6', 'R7', 'R8', 'R9', 'R10', 'R11']
04-11 07:29:12 com_github_MitjaNemec_PlaceFootprints.place_footprints 396:Starting placing with linear layout
04-11 07:29:12 com_github_MitjaNemec_PlaceFootprints.action_place_footprints 970:Placing complete
